Tue May 15 12:27:45 BST 2018
MaxEnt version 3.4.1
Reading file absence
readGrid: max memory 1884815360, total allocated 542113792, free 248691864, used 293421928, increment 222818024
Reading samples from presence
Read samples: max memory 1884815360, total allocated 542113792, free 134117832, used 407995960, increment 114574032
Adding samples to background in feature space
Command line used:  autorun -e ./Rtmpdir/maxent/44681058558/absence -o ./Rtmpdir/maxent/44681058558 -s ./Rtmpdir/maxent/44681058558/presence -z nolinear noquadratic noproduct nothreshold
Command line to repeat: java density.MaxEnt nowarnings noprefixes outputdirectory=./Rtmpdir/maxent/44681058558 samplesfile=./Rtmpdir/maxent/44681058558/presence environmentallayers=./Rtmpdir/maxent/44681058558/absence nolinear noquadratic noproduct autorun novisible
Species: species
Layers: Alt_mean Arable BL Coast Conif ImGrass SemiNat Slope_meanDeg Upland Urban Water aspect bio1 bio12 bio18 bio2 bio3 bio4 bio5 bio6 bio8 bio9
Layertypes: Continuous Continuous Continuous Continuous Continuous Continuous Continuous Continuous Continuous Continuous Continuous Continuous Continuous Continuous Continuous Continuous Continuous Continuous Continuous Continuous Continuous Continuous
outputdirectory: ./Rtmpdir/maxent/44681058558
samplesfile: ./Rtmpdir/maxent/44681058558/presence
environmentallayers: ./Rtmpdir/maxent/44681058558/absence
linear: false
quadratic: false
product: false
autorun: true
visible: false

getSamples: max memory 1884815360, total allocated 542113792, free 125304472, used 416809320, increment 8813360
Making features
makeFeatures: max memory 1884815360, total allocated 542113792, free 120863776, used 421250016, increment 4440696
species: 
Regularization values: linear/quadratic/product: 0.050, categorical: 0.250, threshold: 1.000, hinge: 0.500
618 samples
Density: max memory 1884815360, total allocated 542113792, free 94332096, used 447781696, increment 26531680
linearPredictor: max memory 1884815360, total allocated 542113792, free 94332096, used 447781696, increment 0
FeaturedSpace: max memory 1884815360, total allocated 542113792, free 94332096, used 447781696, increment 0
Sequential: max memory 1884815360, total allocated 542113792, free 94332096, used 447781696, increment 0
Initial loss: 9.220488703027998
Time since start: 13.189
500: time = 12.842000 loss = 8.521543
Resulting gain: 0.6989459134925919
Projecting...
Writing file .\Rtmpdir\maxent\44681058558\species.csv
Time since start: 15.098
Ending
