Tue May 15 12:36:56 BST 2018
MaxEnt version 3.4.1
Reading file absence
readGrid: max memory 1884815360, total allocated 156237824, free 56587920, used 99649904, increment 33325824
Reading samples from presence
Read samples: max memory 1884815360, total allocated 166199296, free 77718368, used 88480928, increment -11168976
Adding samples to background in feature space
Command line used:  autorun -e ./Rtmpdir/maxent/5252363277/absence -o ./Rtmpdir/maxent/5252363277 -s ./Rtmpdir/maxent/5252363277/presence -z nolinear noquadratic noproduct nothreshold
Command line to repeat: java density.MaxEnt nowarnings noprefixes outputdirectory=./Rtmpdir/maxent/5252363277 samplesfile=./Rtmpdir/maxent/5252363277/presence environmentallayers=./Rtmpdir/maxent/5252363277/absence nolinear noquadratic noproduct autorun novisible
Species: species
Layers: Alt_mean Arable BL Coast Conif ImGrass SemiNat Slope_meanDeg Upland Urban Water aspect bio1 bio12 bio18 bio2 bio3 bio4 bio5 bio6 bio8 bio9
Layertypes: Continuous Continuous Continuous Continuous Continuous Continuous Continuous Continuous Continuous Continuous Continuous Continuous Continuous Continuous Continuous Continuous Continuous Continuous Continuous Continuous Continuous Continuous
outputdirectory: ./Rtmpdir/maxent/5252363277
samplesfile: ./Rtmpdir/maxent/5252363277/presence
environmentallayers: ./Rtmpdir/maxent/5252363277/absence
linear: false
quadratic: false
product: false
autorun: true
visible: false

getSamples: max memory 1884815360, total allocated 166199296, free 67224440, used 98974856, increment 10493928
Making features
makeFeatures: max memory 1884815360, total allocated 166199296, free 65481800, used 100717496, increment 1742640
species: 
Regularization values: linear/quadratic/product: 0.050, categorical: 0.250, threshold: 1.000, hinge: 0.500
618 samples
Density: max memory 1884815360, total allocated 166199296, free 42433584, used 123765712, increment 23048216
linearPredictor: max memory 1884815360, total allocated 166199296, free 42433584, used 123765712, increment 0
FeaturedSpace: max memory 1884815360, total allocated 166199296, free 42433584, used 123765712, increment 0
Sequential: max memory 1884815360, total allocated 166199296, free 42433584, used 123765712, increment 0
Initial loss: 9.224834818126634
Time since start: 13.585
500: time = 13.275000 loss = 8.584345
Resulting gain: 0.640490026508477
Projecting...
Writing file .\Rtmpdir\maxent\5252363277\species.csv
Time since start: 15.792
Ending
