Tue May 15 12:48:36 BST 2018
MaxEnt version 3.4.1
Reading file absence
readGrid: max memory 1884815360, total allocated 111673344, free 36862744, used 74810600, increment -7566232
Reading samples from presence
Read samples: max memory 1884815360, total allocated 120586240, free 31082488, used 89503752, increment 14693152
Adding samples to background in feature space
Command line used:  autorun -e ./Rtmpdir/maxent/83554109415/absence -o ./Rtmpdir/maxent/83554109415 -s ./Rtmpdir/maxent/83554109415/presence -z nolinear noquadratic noproduct nothreshold
Command line to repeat: java density.MaxEnt nowarnings noprefixes outputdirectory=./Rtmpdir/maxent/83554109415 samplesfile=./Rtmpdir/maxent/83554109415/presence environmentallayers=./Rtmpdir/maxent/83554109415/absence nolinear noquadratic noproduct autorun novisible
Species: species
Layers: Alt_mean Arable BL Coast Conif ImGrass SemiNat Slope_meanDeg Upland Urban Water aspect bio1 bio12 bio18 bio2 bio3 bio4 bio5 bio6 bio8 bio9
Layertypes: Continuous Continuous Continuous Continuous Continuous Continuous Continuous Continuous Continuous Continuous Continuous Continuous Continuous Continuous Continuous Continuous Continuous Continuous Continuous Continuous Continuous Continuous
outputdirectory: ./Rtmpdir/maxent/83554109415
samplesfile: ./Rtmpdir/maxent/83554109415/presence
environmentallayers: ./Rtmpdir/maxent/83554109415/absence
linear: false
quadratic: false
product: false
autorun: true
visible: false

getSamples: max memory 1884815360, total allocated 120586240, free 21604168, used 98982072, increment 9478320
Making features
makeFeatures: max memory 1884815360, total allocated 120586240, free 19127872, used 101458368, increment 2476296
species: 
Regularization values: linear/quadratic/product: 0.050, categorical: 0.250, threshold: 1.000, hinge: 0.500
618 samples
Density: max memory 1884815360, total allocated 132120576, free 60945704, used 71174872, increment -30283496
linearPredictor: max memory 1884815360, total allocated 132120576, free 60945704, used 71174872, increment 0
FeaturedSpace: max memory 1884815360, total allocated 132120576, free 60945704, used 71174872, increment 0
Sequential: max memory 1884815360, total allocated 132120576, free 60945704, used 71174872, increment 0
Initial loss: 9.219101877644755
Time since start: 13.328
500: time = 12.990000 loss = 8.552000
Resulting gain: 0.667101583598738
Projecting...
Writing file .\Rtmpdir\maxent\83554109415\species.csv
Time since start: 15.046
Ending
