Tue May 15 12:53:56 BST 2018
MaxEnt version 3.4.1
Reading file absence
readGrid: max memory 1884815360, total allocated 107479040, free 33699152, used 73779888, increment 23971728
Reading samples from presence
Read samples: max memory 1884815360, total allocated 116391936, free 21824760, used 94567176, increment 20787288
Adding samples to background in feature space
Command line used:  autorun -e ./Rtmpdir/maxent/6150278124/absence -o ./Rtmpdir/maxent/6150278124 -s ./Rtmpdir/maxent/6150278124/presence -z nolinear noquadratic noproduct nothreshold
Command line to repeat: java density.MaxEnt nowarnings noprefixes outputdirectory=./Rtmpdir/maxent/6150278124 samplesfile=./Rtmpdir/maxent/6150278124/presence environmentallayers=./Rtmpdir/maxent/6150278124/absence nolinear noquadratic noproduct autorun novisible
Species: species
Layers: Alt_mean Arable BL Coast Conif ImGrass SemiNat Slope_meanDeg Upland Urban Water aspect bio1 bio12 bio18 bio2 bio3 bio4 bio5 bio6 bio8 bio9
Layertypes: Continuous Continuous Continuous Continuous Continuous Continuous Continuous Continuous Continuous Continuous Continuous Continuous Continuous Continuous Continuous Continuous Continuous Continuous Continuous Continuous Continuous Continuous
outputdirectory: ./Rtmpdir/maxent/6150278124
samplesfile: ./Rtmpdir/maxent/6150278124/presence
environmentallayers: ./Rtmpdir/maxent/6150278124/absence
linear: false
quadratic: false
product: false
autorun: true
visible: false

getSamples: max memory 1884815360, total allocated 128974848, free 78134048, used 50840800, increment -43726376
Making features
makeFeatures: max memory 1884815360, total allocated 128974848, free 76840608, used 52134240, increment 1293440
species: 
Regularization values: linear/quadratic/product: 0.050, categorical: 0.250, threshold: 1.000, hinge: 0.500
618 samples
Density: max memory 1884815360, total allocated 128974848, free 53063800, used 75911048, increment 23776808
linearPredictor: max memory 1884815360, total allocated 128974848, free 53063800, used 75911048, increment 0
FeaturedSpace: max memory 1884815360, total allocated 128974848, free 53063800, used 75911048, increment 0
Sequential: max memory 1884815360, total allocated 128974848, free 53063800, used 75911048, increment 0
Initial loss: 9.220587688427733
Time since start: 13.54
500: time = 13.232000 loss = 8.515142
Resulting gain: 0.7054458508375365
Projecting...
Writing file .\Rtmpdir\maxent\6150278124\species.csv
Time since start: 15.713
Ending
