Tue May 15 12:55:34 BST 2018
MaxEnt version 3.4.1
Reading file absence
readGrid: max memory 1884815360, total allocated 101711872, free 44042672, used 57669200, increment -18241848
Reading samples from presence
Read samples: max memory 1884815360, total allocated 117964800, free 67309776, used 50655024, increment -7014176
Adding samples to background in feature space
Command line used:  autorun -e ./Rtmpdir/maxent/9577351435/absence -o ./Rtmpdir/maxent/9577351435 -s ./Rtmpdir/maxent/9577351435/presence -z nolinear noquadratic noproduct nothreshold
Command line to repeat: java density.MaxEnt nowarnings noprefixes outputdirectory=./Rtmpdir/maxent/9577351435 samplesfile=./Rtmpdir/maxent/9577351435/presence environmentallayers=./Rtmpdir/maxent/9577351435/absence nolinear noquadratic noproduct autorun novisible
Species: species
Layers: Alt_mean Arable BL Coast Conif ImGrass SemiNat Slope_meanDeg Upland Urban Water aspect bio1 bio12 bio18 bio2 bio3 bio4 bio5 bio6 bio8 bio9
Layertypes: Continuous Continuous Continuous Continuous Continuous Continuous Continuous Continuous Continuous Continuous Continuous Continuous Continuous Continuous Continuous Continuous Continuous Continuous Continuous Continuous Continuous Continuous
outputdirectory: ./Rtmpdir/maxent/9577351435
samplesfile: ./Rtmpdir/maxent/9577351435/presence
environmentallayers: ./Rtmpdir/maxent/9577351435/absence
linear: false
quadratic: false
product: false
autorun: true
visible: false

getSamples: max memory 1884815360, total allocated 117964800, free 58418656, used 59546144, increment 8891120
Making features
makeFeatures: max memory 1884815360, total allocated 117964800, free 55934176, used 62030624, increment 2484480
species: 
Regularization values: linear/quadratic/product: 0.050, categorical: 0.250, threshold: 1.000, hinge: 0.500
618 samples
Density: max memory 1884815360, total allocated 130023424, free 87104144, used 42919280, increment -19111344
linearPredictor: max memory 1884815360, total allocated 130023424, free 87104144, used 42919280, increment 0
FeaturedSpace: max memory 1884815360, total allocated 130023424, free 87104144, used 42919280, increment 0
Sequential: max memory 1884815360, total allocated 130023424, free 87104144, used 42919280, increment 0
Initial loss: 9.219696466900208
Time since start: 13.229
500: time = 12.927000 loss = 8.576795
Resulting gain: 0.642901309017363
Projecting...
Writing file .\Rtmpdir\maxent\9577351435\species.csv
Time since start: 15.138
Ending
